<?xml version="1.0" encoding="UTF-8"?>
<!-- Generated by org.testng.reporters.JUnitReportReporter -->
<testsuite hostname="TANMAY-KHOPE" failures="0" tests="1" name="RegisterAccountModule.Registeraccount" time="8.674" errors="0" timestamp="2024-02-07T12:43:38 IST" skipped="0">
  <testcase classname="RegisterAccountModule.Registeraccount" name="RegisterAccount" time="8.674"/>
</testsuite> <!-- RegisterAccountModule.Registeraccount -->
