<?xml version="1.0" encoding="UTF-8"?>
<!-- Generated by org.testng.reporters.JUnitReportReporter -->
<testsuite hostname="TANMAY-KHOPE" failures="0" tests="1" name="RegisterAccountModule.TCRF03" time="10.237" errors="0" timestamp="2024-02-04T19:35:25 IST" skipped="0">
  <testcase classname="RegisterAccountModule.TCRF03" name="RegisteringanAccountbyprovidingallthefields" time="10.237"/>
</testsuite> <!-- RegisterAccountModule.TCRF03 -->
