<?xml version="1.0" encoding="UTF-8"?>
<!-- Generated by org.testng.reporters.JUnitReportReporter -->
<testsuite hostname="TANMAY-KHOPE" failures="0" tests="1" name="LoginTestcaseModule.LTC1" time="16.780" errors="0" timestamp="2024-02-07T12:44:37 IST" skipped="0">
  <testcase classname="LoginTestcaseModule.LTC1" name="LoginFunctionality" time="16.780"/>
</testsuite> <!-- LoginTestcaseModule.LTC1 -->
